build/app/intermediates/manifest_merge_blame_file/release/manifest-merger-blame-release-report.txt
1<?xml version="1.0" encoding="utf-8"?>
2<manifest xmlns:android="http://schemas.android.com/apk/res/android"
3    package="com.example.hizboufront"
4    android:versionCode="1"
5    android:versionName="1.0.0" >
6
7    <uses-sdk
8        android:minSdkVersion="21"
8-->src\main\AndroidManifest.xml
9        android:targetSdkVersion="34" />
9-->src\main\AndroidManifest.xml
10    <!--
11         Required to query activities that can process text, see:
12         https://developer.android.com/training/package-visibility?hl=en and
13         https://developer.android.com/reference/android/content/Intent#ACTION_PROCESS_TEXT.
14
15         In particular, this is used by the Flutter engine in io.flutter.plugin.text.ProcessTextPlugin.
16    -->
17    <queries>
17-->src\main\AndroidManifest.xml:39:5-44:15
18        <intent>
18-->src\main\AndroidManifest.xml:40:9-43:18
19            <action android:name="android.intent.action.PROCESS_TEXT" />
19-->src\main\AndroidManifest.xml:41:13-72
19-->src\main\AndroidManifest.xml:41:21-70
20
21            <data android:mimeType="text/plain" />
21-->src\main\AndroidManifest.xml:42:13-50
21-->src\main\AndroidManifest.xml:42:19-48
22        </intent>
23        <intent>
23-->[:file_picker] AndroidManifest.xml:14:9-18:18
24            <action android:name="android.intent.action.GET_CONTENT" />
24-->[:file_picker] AndroidManifest.xml:15:13-72
24-->[:file_picker] AndroidManifest.xml:15:21-69
25
26            <data android:mimeType="*/*" />
26-->src\main\AndroidManifest.xml:42:13-50
26-->src\main\AndroidManifest.xml:42:19-48
27        </intent> <!-- Needs to be explicitly declared on Android R+ -->
28        <package android:name="com.google.android.apps.maps" />
28-->[com.google.android.gms:play-services-maps:18.2.0] AndroidManifest.xml:33:9-64
28-->[com.google.android.gms:play-services-maps:18.2.0] AndroidManifest.xml:33:18-61
29    </queries>
30
31    <uses-permission android:name="android.permission.ACCESS_NETWORK_STATE" />
31-->[:connectivity_plus] AndroidManifest.xml:9:5-79
31-->[:connectivity_plus] AndroidManifest.xml:9:22-76
32    <uses-permission
32-->[:file_picker] AndroidManifest.xml:9:5-11:38
33        android:name="android.permission.READ_EXTERNAL_STORAGE"
33-->[:file_picker] AndroidManifest.xml:10:9-64
34        android:maxSdkVersion="32" />
34-->[:file_picker] AndroidManifest.xml:11:9-35
35    <uses-permission android:name="android.permission.INTERNET" />
35-->[com.google.android.gms:play-services-maps:18.2.0] AndroidManifest.xml:24:5-67
35-->[com.google.android.gms:play-services-maps:18.2.0] AndroidManifest.xml:24:22-64
36
37    <uses-feature
37-->[com.google.android.gms:play-services-maps:18.2.0] AndroidManifest.xml:26:5-28:35
38        android:glEsVersion="0x00020000"
38-->[com.google.android.gms:play-services-maps:18.2.0] AndroidManifest.xml:27:9-41
39        android:required="true" />
39-->[com.google.android.gms:play-services-maps:18.2.0] AndroidManifest.xml:28:9-32
40
41    <permission
41-->[androidx.core:core:1.13.1] AndroidManifest.xml:22:5-24:47
42        android:name="com.example.hizboufront.DYNAMIC_RECEIVER_NOT_EXPORTED_PERMISSION"
42-->[androidx.core:core:1.13.1] AndroidManifest.xml:23:9-81
43        android:protectionLevel="signature" />
43-->[androidx.core:core:1.13.1] AndroidManifest.xml:24:9-44
44
45    <uses-permission android:name="com.example.hizboufront.DYNAMIC_RECEIVER_NOT_EXPORTED_PERMISSION" />
45-->[androidx.core:core:1.13.1] AndroidManifest.xml:26:5-97
45-->[androidx.core:core:1.13.1] AndroidManifest.xml:26:22-94
46
47    <application
48        android:name="android.app.Application"
48-->src\main\AndroidManifest.xml:4:9-42
49        android:appComponentFactory="androidx.core.app.CoreComponentFactory"
49-->[androidx.core:core:1.13.1] AndroidManifest.xml:28:18-86
50        android:enableOnBackInvokedCallback="true"
50-->src\main\AndroidManifest.xml:5:9-51
51        android:icon="@mipmap/launcher_icon"
51-->src\main\AndroidManifest.xml:6:9-45
52        android:label="hizboufront" >
52-->src\main\AndroidManifest.xml:3:9-36
53        <activity
53-->src\main\AndroidManifest.xml:7:9-27:20
54            android:name="com.example.hizboufront.MainActivity"
54-->src\main\AndroidManifest.xml:8:13-41
55            android:configChanges="orientation|keyboardHidden|keyboard|screenSize|smallestScreenSize|locale|layoutDirection|fontScale|screenLayout|density|uiMode"
55-->src\main\AndroidManifest.xml:12:13-163
56            android:exported="true"
56-->src\main\AndroidManifest.xml:9:13-36
57            android:hardwareAccelerated="true"
57-->src\main\AndroidManifest.xml:13:13-47
58            android:launchMode="singleTop"
58-->src\main\AndroidManifest.xml:10:13-43
59            android:theme="@style/LaunchTheme"
59-->src\main\AndroidManifest.xml:11:13-47
60            android:windowSoftInputMode="adjustResize" >
60-->src\main\AndroidManifest.xml:14:13-55
61
62            <!--
63                 Specifies an Android theme to apply to this Activity as soon as
64                 the Android process has started. This theme is visible to the user
65                 while the Flutter UI initializes. After that, this theme continues
66                 to determine the Window background behind the Flutter UI.
67            -->
68            <meta-data
68-->src\main\AndroidManifest.xml:19:13-22:17
69                android:name="io.flutter.embedding.android.NormalTheme"
69-->src\main\AndroidManifest.xml:20:15-70
70                android:resource="@style/NormalTheme" />
70-->src\main\AndroidManifest.xml:21:15-52
71
72            <intent-filter>
72-->src\main\AndroidManifest.xml:23:13-26:29
73                <action android:name="android.intent.action.MAIN" />
73-->src\main\AndroidManifest.xml:24:17-68
73-->src\main\AndroidManifest.xml:24:25-66
74
75                <category android:name="android.intent.category.LAUNCHER" />
75-->src\main\AndroidManifest.xml:25:17-76
75-->src\main\AndroidManifest.xml:25:27-74
76            </intent-filter>
77        </activity>
78        <!--
79             Don't delete the meta-data below.
80             This is used by the Flutter tool to generate GeneratedPluginRegistrant.java
81        -->
82        <meta-data
82-->src\main\AndroidManifest.xml:30:9-32:33
83            android:name="flutterEmbedding"
83-->src\main\AndroidManifest.xml:31:13-44
84            android:value="2" />
84-->src\main\AndroidManifest.xml:32:13-30
85
86        <provider
86-->[:image_picker_android] AndroidManifest.xml:11:9-19:20
87            android:name="io.flutter.plugins.imagepicker.ImagePickerFileProvider"
87-->[:image_picker_android] AndroidManifest.xml:12:13-82
88            android:authorities="com.example.hizboufront.flutter.image_provider"
88-->[:image_picker_android] AndroidManifest.xml:13:13-74
89            android:exported="false"
89-->[:image_picker_android] AndroidManifest.xml:14:13-37
90            android:grantUriPermissions="true" >
90-->[:image_picker_android] AndroidManifest.xml:15:13-47
91            <meta-data
91-->[:image_picker_android] AndroidManifest.xml:16:13-18:75
92                android:name="android.support.FILE_PROVIDER_PATHS"
92-->[:image_picker_android] AndroidManifest.xml:17:17-67
93                android:resource="@xml/flutter_image_picker_file_paths" />
93-->[:image_picker_android] AndroidManifest.xml:18:17-72
94        </provider> <!-- Trigger Google Play services to install the backported photo picker module. -->
95        <service
95-->[:image_picker_android] AndroidManifest.xml:21:9-33:19
96            android:name="com.google.android.gms.metadata.ModuleDependencies"
96-->[:image_picker_android] AndroidManifest.xml:22:13-78
97            android:enabled="false"
97-->[:image_picker_android] AndroidManifest.xml:23:13-36
98            android:exported="false" >
98-->[:image_picker_android] AndroidManifest.xml:24:13-37
99            <intent-filter>
99-->[:image_picker_android] AndroidManifest.xml:26:13-28:29
100                <action android:name="com.google.android.gms.metadata.MODULE_DEPENDENCIES" />
100-->[:image_picker_android] AndroidManifest.xml:27:17-94
100-->[:image_picker_android] AndroidManifest.xml:27:25-91
101            </intent-filter>
102
103            <meta-data
103-->[:image_picker_android] AndroidManifest.xml:30:13-32:36
104                android:name="photopicker_activity:0:required"
104-->[:image_picker_android] AndroidManifest.xml:31:17-63
105                android:value="" />
105-->[:image_picker_android] AndroidManifest.xml:32:17-33
106        </service>
107
108        <uses-library
108-->[androidx.window:window:1.0.0-beta04] AndroidManifest.xml:25:9-27:40
109            android:name="androidx.window.extensions"
109-->[androidx.window:window:1.0.0-beta04] AndroidManifest.xml:26:13-54
110            android:required="false" />
110-->[androidx.window:window:1.0.0-beta04] AndroidManifest.xml:27:13-37
111        <uses-library
111-->[androidx.window:window:1.0.0-beta04] AndroidManifest.xml:28:9-30:40
112            android:name="androidx.window.sidecar"
112-->[androidx.window:window:1.0.0-beta04] AndroidManifest.xml:29:13-51
113            android:required="false" /> <!-- Needs to be explicitly declared on P+ -->
113-->[androidx.window:window:1.0.0-beta04] AndroidManifest.xml:30:13-37
114        <uses-library
114-->[com.google.android.gms:play-services-maps:18.2.0] AndroidManifest.xml:39:9-41:40
115            android:name="org.apache.http.legacy"
115-->[com.google.android.gms:play-services-maps:18.2.0] AndroidManifest.xml:40:13-50
116            android:required="false" />
116-->[com.google.android.gms:play-services-maps:18.2.0] AndroidManifest.xml:41:13-37
117
118        <activity
118-->[com.google.android.gms:play-services-auth:20.7.0] AndroidManifest.xml:23:9-27:75
119            android:name="com.google.android.gms.auth.api.signin.internal.SignInHubActivity"
119-->[com.google.android.gms:play-services-auth:20.7.0] AndroidManifest.xml:24:13-93
120            android:excludeFromRecents="true"
120-->[com.google.android.gms:play-services-auth:20.7.0] AndroidManifest.xml:25:13-46
121            android:exported="false"
121-->[com.google.android.gms:play-services-auth:20.7.0] AndroidManifest.xml:26:13-37
122            android:theme="@android:style/Theme.Translucent.NoTitleBar" />
122-->[com.google.android.gms:play-services-auth:20.7.0] AndroidManifest.xml:27:13-72
123        <!--
124            Service handling Google Sign-In user revocation. For apps that do not integrate with
125            Google Sign-In, this service will never be started.
126        -->
127        <service
127-->[com.google.android.gms:play-services-auth:20.7.0] AndroidManifest.xml:33:9-37:51
128            android:name="com.google.android.gms.auth.api.signin.RevocationBoundService"
128-->[com.google.android.gms:play-services-auth:20.7.0] AndroidManifest.xml:34:13-89
129            android:exported="true"
129-->[com.google.android.gms:play-services-auth:20.7.0] AndroidManifest.xml:35:13-36
130            android:permission="com.google.android.gms.auth.api.signin.permission.REVOCATION_NOTIFICATION"
130-->[com.google.android.gms:play-services-auth:20.7.0] AndroidManifest.xml:36:13-107
131            android:visibleToInstantApps="true" />
131-->[com.google.android.gms:play-services-auth:20.7.0] AndroidManifest.xml:37:13-48
132
133        <activity
133-->[com.google.android.gms:play-services-base:18.0.1] AndroidManifest.xml:20:9-22:45
134            android:name="com.google.android.gms.common.api.GoogleApiActivity"
134-->[com.google.android.gms:play-services-base:18.0.1] AndroidManifest.xml:20:19-85
135            android:exported="false"
135-->[com.google.android.gms:play-services-base:18.0.1] AndroidManifest.xml:22:19-43
136            android:theme="@android:style/Theme.Translucent.NoTitleBar" />
136-->[com.google.android.gms:play-services-base:18.0.1] AndroidManifest.xml:21:19-78
137
138        <meta-data
138-->[com.google.android.gms:play-services-basement:18.2.0] AndroidManifest.xml:21:9-23:69
139            android:name="com.google.android.gms.version"
139-->[com.google.android.gms:play-services-basement:18.2.0] AndroidManifest.xml:22:13-58
140            android:value="@integer/google_play_services_version" />
140-->[com.google.android.gms:play-services-basement:18.2.0] AndroidManifest.xml:23:13-66
141
142        <provider
142-->[androidx.profileinstaller:profileinstaller:1.3.1] AndroidManifest.xml:24:9-32:20
143            android:name="androidx.startup.InitializationProvider"
143-->[androidx.profileinstaller:profileinstaller:1.3.1] AndroidManifest.xml:25:13-67
144            android:authorities="com.example.hizboufront.androidx-startup"
144-->[androidx.profileinstaller:profileinstaller:1.3.1] AndroidManifest.xml:26:13-68
145            android:exported="false" >
145-->[androidx.profileinstaller:profileinstaller:1.3.1] AndroidManifest.xml:27:13-37
146            <meta-data
146-->[androidx.profileinstaller:profileinstaller:1.3.1] AndroidManifest.xml:29:13-31:52
147                android:name="androidx.profileinstaller.ProfileInstallerInitializer"
147-->[androidx.profileinstaller:profileinstaller:1.3.1] AndroidManifest.xml:30:17-85
148                android:value="androidx.startup" />
148-->[androidx.profileinstaller:profileinstaller:1.3.1] AndroidManifest.xml:31:17-49
149        </provider>
150
151        <receiver
151-->[androidx.profileinstaller:profileinstaller:1.3.1] AndroidManifest.xml:34:9-52:20
152            android:name="androidx.profileinstaller.ProfileInstallReceiver"
152-->[androidx.profileinstaller:profileinstaller:1.3.1] AndroidManifest.xml:35:13-76
153            android:directBootAware="false"
153-->[androidx.profileinstaller:profileinstaller:1.3.1] AndroidManifest.xml:36:13-44
154            android:enabled="true"
154-->[androidx.profileinstaller:profileinstaller:1.3.1] AndroidManifest.xml:37:13-35
155            android:exported="true"
155-->[androidx.profileinstaller:profileinstaller:1.3.1] AndroidManifest.xml:38:13-36
156            android:permission="android.permission.DUMP" >
156-->[androidx.profileinstaller:profileinstaller:1.3.1] AndroidManifest.xml:39:13-57
157            <intent-filter>
157-->[androidx.profileinstaller:profileinstaller:1.3.1] AndroidManifest.xml:40:13-42:29
158                <action android:name="androidx.profileinstaller.action.INSTALL_PROFILE" />
158-->[androidx.profileinstaller:profileinstaller:1.3.1] AndroidManifest.xml:41:17-91
158-->[androidx.profileinstaller:profileinstaller:1.3.1] AndroidManifest.xml:41:25-88
159            </intent-filter>
160            <intent-filter>
160-->[androidx.profileinstaller:profileinstaller:1.3.1] AndroidManifest.xml:43:13-45:29
161                <action android:name="androidx.profileinstaller.action.SKIP_FILE" />
161-->[androidx.profileinstaller:profileinstaller:1.3.1] AndroidManifest.xml:44:17-85
161-->[androidx.profileinstaller:profileinstaller:1.3.1] AndroidManifest.xml:44:25-82
162            </intent-filter>
163            <intent-filter>
163-->[androidx.profileinstaller:profileinstaller:1.3.1] AndroidManifest.xml:46:13-48:29
164                <action android:name="androidx.profileinstaller.action.SAVE_PROFILE" />
164-->[androidx.profileinstaller:profileinstaller:1.3.1] AndroidManifest.xml:47:17-88
164-->[androidx.profileinstaller:profileinstaller:1.3.1] AndroidManifest.xml:47:25-85
165            </intent-filter>
166            <intent-filter>
166-->[androidx.profileinstaller:profileinstaller:1.3.1] AndroidManifest.xml:49:13-51:29
167                <action android:name="androidx.profileinstaller.action.BENCHMARK_OPERATION" />
167-->[androidx.profileinstaller:profileinstaller:1.3.1] AndroidManifest.xml:50:17-95
167-->[androidx.profileinstaller:profileinstaller:1.3.1] AndroidManifest.xml:50:25-92
168            </intent-filter>
169        </receiver>
170    </application>
171
172</manifest>